-------------------------------------------------------------------------------
Test set: TestSuite
-------------------------------------------------------------------------------
Tests run: 4, Failures: 1, Errors: 0, Skipped: 0, Time elapsed: 31.304 s <<< FAILURE! - in TestSuite
CucumberOptions.TestNGRunner.runScenario["Search for an item and validates auto suggestion as you type", "Search Funtionality on Amazon"](4)  Time elapsed: 5.237 s  <<< FAILURE!
io.cucumber.java.PendingException: TODO: implement me
	at StepDefinition.searchFunctionality.user_enters_letters_in_the_search_box(searchFunctionality.java:102)
	at âœ½.User enters letters in the search box(file:///C:/Users/ARITRA%20DEY/eclipse-workspace/automationAmazon/src/test/java/features/SearchFunctionality.feature:25)

